<?xml version="1.0" encoding="UTF-8"?>
<!-- Generated by org.testng.reporters.JUnitReportReporter -->
<testsuite hostname="DESKTOP-PKCOLG9" failures="0" tests="1" name="sample.seleniumPrograme" time="14.006" errors="0" timestamp="2024-11-05T15:27:01 SAST" skipped="0">
  <testcase classname="sample.seleniumPrograme" name="fireFoxLaunch" time="14.006"/>
</testsuite> <!-- sample.seleniumPrograme -->
