<?xml version="1.0" encoding="UTF-8"?>
<!-- Generated by org.testng.reporters.JUnitReportReporter -->
<testsuite hostname="DESKTOP-PKCOLG9" failures="0" tests="1" name="sample.Selnm_Assignment_3" time="16.094" errors="0" timestamp="2024-10-23T13:56:32 SAST" skipped="0">
  <testcase classname="sample.Selnm_Assignment_3" name="test_Asignment_3" time="16.094"/>
</testsuite> <!-- sample.Selnm_Assignment_3 -->
