<?xml version="1.0" encoding="UTF-8"?>
<!-- Generated by org.testng.reporters.JUnitReportReporter -->
<testsuite hostname="DESKTOP-PKCOLG9" failures="0" tests="1" name="sample.MultiSelect_Example" time="30.065" errors="0" timestamp="2024-10-28T16:58:46 SAST" skipped="0">
  <testcase classname="sample.MultiSelect_Example" name="tetRadio_Example" time="30.065"/>
</testsuite> <!-- sample.MultiSelect_Example -->
