<?xml version="1.0" encoding="UTF-8"?>
<!-- Generated by org.testng.reporters.JUnitReportReporter -->
<testsuite hostname="DESKTOP-PKCOLG9" failures="0" tests="1" name="sample.Dropdown_Example" time="24.552" errors="0" timestamp="2024-10-31T13:40:50 SAST" skipped="0">
  <testcase classname="sample.Dropdown_Example" name="tetRadio_Example" time="24.552"/>
</testsuite> <!-- sample.Dropdown_Example -->
