<?xml version="1.0" encoding="UTF-8"?>
<!-- Generated by org.testng.reporters.JUnitReportReporter -->
<testsuite hostname="DESKTOP-PKCOLG9" failures="0" tests="1" name="sample.Selenium_Assignemnt_4" time="10.521" errors="0" timestamp="2024-10-31T14:06:17 SAST" skipped="0">
  <testcase classname="sample.Selenium_Assignemnt_4" name="tetRadio_Example" time="10.521"/>
</testsuite> <!-- sample.Selenium_Assignemnt_4 -->
