<?xml version="1.0" encoding="UTF-8"?>
<!-- Generated by org.testng.reporters.JUnitReportReporter -->
<testsuite hostname="DESKTOP-PKCOLG9" failures="0" tests="1" name="sample.Selenium_Assignment_7" time="40.879" errors="0" timestamp="2024-11-05T22:50:05 SAST" skipped="0">
  <testcase classname="sample.Selenium_Assignment_7" name="testAssignment" time="40.879"/>
</testsuite> <!-- sample.Selenium_Assignment_7 -->
