<?xml version="1.0" encoding="UTF-8"?>
<!-- Generated by org.testng.reporters.JUnitReportReporter -->
<testsuite hostname="DESKTOP-PKCOLG9" failures="0" tests="1" name="sample.getCommands_Example2" time="26.218" errors="0" timestamp="2024-10-29T16:49:07 SAST" skipped="0">
  <testcase classname="sample.getCommands_Example2" name="GetCommands_Example2" time="26.218"/>
</testsuite> <!-- sample.getCommands_Example2 -->
