<?xml version="1.0" encoding="UTF-8"?>
<!-- Generated by org.testng.reporters.JUnitReportReporter -->
<testsuite hostname="DESKTOP-PKCOLG9" failures="0" tests="1" name="sample.Confirm_Example" time="15.074" errors="0" timestamp="2024-10-30T16:34:57 SAST" skipped="0">
  <testcase classname="sample.Confirm_Example" name="testConfirm_Example" time="15.074"/>
</testsuite> <!-- sample.Confirm_Example -->
