<?xml version="1.0" encoding="UTF-8"?>
<!-- Generated by org.testng.reporters.JUnitReportReporter -->
<testsuite hostname="DESKTOP-PKCOLG9" failures="0" tests="1" name="sample.Selenium_Assignemnt_5" time="18.119" errors="0" timestamp="2024-11-01T16:21:45 SAST" skipped="0">
  <testcase classname="sample.Selenium_Assignemnt_5" name="seleniumAssignment_Example" time="18.119"/>
</testsuite> <!-- sample.Selenium_Assignemnt_5 -->
