<?xml version="1.0" encoding="UTF-8"?>
<!-- Generated by org.testng.reporters.JUnitReportReporter -->
<testsuite hostname="DESKTOP-PKCOLG9" failures="0" tests="1" name="sample.Explicit_Wait_Example" time="17.591" errors="0" timestamp="2024-11-01T16:48:59 SAST" skipped="0">
  <testcase classname="sample.Explicit_Wait_Example" name="testExplicit_Wait_Example" time="17.591"/>
</testsuite> <!-- sample.Explicit_Wait_Example -->
