<?xml version="1.0" encoding="UTF-8"?>
<!-- Generated by org.testng.reporters.JUnitReportReporter -->
<testsuite hostname="DESKTOP-PKCOLG9" failures="0" tests="1" name="sample.selenium_Assignemt_2" time="42.345" errors="0" timestamp="2024-10-21T23:07:10 SAST" skipped="0">
  <testcase classname="sample.selenium_Assignemt_2" name="login_SignUp" time="42.345"/>
</testsuite> <!-- sample.selenium_Assignemt_2 -->
