<?xml version="1.0" encoding="UTF-8"?>
<!-- Generated by org.testng.reporters.JUnitReportReporter -->
<testsuite hostname="DESKTOP-PKCOLG9" failures="0" tests="1" name="sample.radio_Button_Example" time="20.062" errors="0" timestamp="2024-10-22T16:52:05 SAST" skipped="0">
  <testcase classname="sample.radio_Button_Example" name="tetRadio_Example" time="20.062"/>
</testsuite> <!-- sample.radio_Button_Example -->
