<?xml version="1.0" encoding="UTF-8"?>
<!-- Generated by org.testng.reporters.JUnitReportReporter -->
<testsuite hostname="DESKTOP-PKCOLG9" failures="0" tests="1" name="sample.testDuplicateElement_Example" time="15.268" errors="0" timestamp="2024-10-21T17:02:10 SAST" skipped="0">
  <testcase classname="sample.testDuplicateElement_Example" name="f" time="15.268"/>
</testsuite> <!-- sample.testDuplicateElement_Example -->
