<?xml version="1.0" encoding="UTF-8"?>
<!-- Generated by org.testng.reporters.JUnitReportReporter -->
<testsuite hostname="DESKTOP-PKCOLG9" failures="0" tests="1" name="sample.Frames_Example" time="52.902" errors="0" timestamp="2024-11-05T22:47:52 SAST" skipped="0">
  <testcase classname="sample.Frames_Example" name="testExplicit_Wait_Example" time="52.902"/>
</testsuite> <!-- sample.Frames_Example -->
